<?xml version="1.0" encoding="UTF-8"?>
<testsuite xmlns:xsi="http://www.w3.org/2001/XMLSchema-instance" xsi:noNamespaceSchemaLocation="https://maven.apache.org/surefire/maven-surefire-plugin/xsd/surefire-test-report-3.0.xsd" version="3.0" name="com.pham.lastsecond.LastsecondApplicationTests" time="1.463" tests="1" errors="0" skipped="0" failures="0">
  <properties>
[...]
</properties>
  <testcase name="contextLoads" classname="com.pham.lastsecond.LastsecondApplicationTests" time="0.454">
    <system-out><![CDATA[21:27:33.271 [main] INFO org.springframework.test.context.support.AnnotationConfigContextLoaderUtils -- Could not detect default configuration classes for test class [com.pham.lastsecond.LastsecondApplicationTests]: LastsecondApplicationTests does not declare any static, non-private, non-final, nested classes annotated with @Configuration.
21:27:33.311 [main] INFO org.springframework.boot.test.context.SpringBootTestContextBootstrapper -- Found @SpringBootConfiguration com.pham.lastsecond.LastsecondApplication for test class com.pham.lastsecond.LastsecondApplicationTests
21:27:33.371 [main] INFO org.springframework.boot.devtools.restart.RestartApplicationListener -- Restart disabled due to context in which it is running

  .   ____          _            __ _ _
 /\\ / ___'_ __ _ _(_)_ __  __ _ \ \ \ \
( ( )\___ | '_ | '_| | '_ \/ _` | \ \ \ \
 \\/  ___)| |_)| | | | | || (_| |  ) ) ) )
  '  |____| .__|_| |_|_| |_\__, | / / / /
 =========|_|==============|___/=/_/_/_/

 :: Spring Boot ::                (v3.3.3)

2024-09-23T21:27:33.513+02:00  INFO 40162 --- [lastsecond] [           main] c.p.l.LastsecondApplicationTests         : Starting LastsecondApplicationTests using Java 22.0.2 with PID 40162 (started by everleepham in /Users/everleepham/IdeaProjects/last-second)
2024-09-23T21:27:33.514+02:00  INFO 40162 --- [lastsecond] [           main] c.p.l.LastsecondApplicationTests         : No active profile set, falling back to 1 default profile: "default"
2024-09-23T21:27:33.959+02:00  WARN 40162 --- [lastsecond] [           main] .s.s.UserDetailsServiceAutoConfiguration : 

Using generated security password: 22deb481-489b-47a3-a86f-53de464e8a69

This generated password is for development use only. Your security configuration must be updated before running your application in production.

2024-09-23T21:27:33.973+02:00  INFO 40162 --- [lastsecond] [           main] r$InitializeUserDetailsManagerConfigurer : Global AuthenticationManager configured with UserDetailsService bean with name inMemoryUserDetailsManager
2024-09-23T21:27:34.072+02:00  INFO 40162 --- [lastsecond] [           main] o.s.s.w.a.c.ChannelProcessingFilter      : Validated configuration attributes
2024-09-23T21:27:34.193+02:00  INFO 40162 --- [lastsecond] [           main] c.p.l.LastsecondApplicationTests         : Started LastsecondApplicationTests in 0.827 seconds (process running for 1.23)
]]></system-out>
    <system-err><![CDATA[WARNING: A Java agent has been loaded dynamically (/Users/everleepham/.m2/repository/net/bytebuddy/byte-buddy-agent/1.14.19/byte-buddy-agent-1.14.19.jar)
WARNING: If a serviceability tool is in use, please run with -XX:+EnableDynamicAgentLoading to hide this warning
WARNING: If a serviceability tool is not in use, please run with -Djdk.instrument.traceUsage for more information
WARNING: Dynamic loading of agents will be disallowed by default in a future release
]]></system-err>
  </testcase>
</testsuite>